[INFO] Scanning for projects...
[INFO] 
[INFO] -----------------------< com.example:crowdfund >------------------------
[INFO] Building crowdfund 0.0.1-SNAPSHOT
[INFO]   from pom.xml
[INFO] --------------------------------[ jar ]---------------------------------
[INFO] 
[INFO] >>> spring-boot:3.4.5:run (default-cli) > test-compile @ crowdfund >>>
[INFO] 
[INFO] --- resources:3.3.1:resources (default-resources) @ crowdfund ---
[INFO] Copying 1 resource from src/main/resources to target/classes
[INFO] Copying 0 resource from src/main/resources to target/classes
[INFO] 
[INFO] --- compiler:3.13.0:compile (default-compile) @ crowdfund ---
[INFO] Nothing to compile - all classes are up to date.
[INFO] 
[INFO] --- resources:3.3.1:testResources (default-testResources) @ crowdfund ---
[INFO] skip non existing resourceDirectory /Users/gaurair/Downloads/crowdfund/src/test/resources
[INFO] 
[INFO] --- compiler:3.13.0:testCompile (default-testCompile) @ crowdfund ---
[INFO] Recompiling the module because of changed source code.
[INFO] Compiling 1 source file with javac [debug parameters release 23] to target/test-classes
[INFO] 
[INFO] <<< spring-boot:3.4.5:run (default-cli) < test-compile @ crowdfund <<<
[INFO] 
[INFO] 
[INFO] --- spring-boot:3.4.5:run (default-cli) @ crowdfund ---
[INFO] Attaching agents: []

  .   ____          _            __ _ _
 /\\ / ___'_ __ _ _(_)_ __  __ _ \ \ \ \
( ( )\___ | '_ | '_| | '_ \/ _` | \ \ \ \
 \\/  ___)| |_)| | | | | || (_| |  ) ) ) )
  '  |____| .__|_| |_|_| |_\__, | / / / /
 =========|_|==============|___/=/_/_/_/

 :: Spring Boot ::                (v3.4.5)

2025-07-12T00:59:05.248+05:30  INFO 85861 --- [demo] [  restartedMain] c.e.crowdfund.CrowdfundApplication       : Starting CrowdfundApplication using Java 23.0.2 with PID 85861 (/Users/gaurair/Downloads/crowdfund/target/classes started by gaurair in /Users/gaurair/Downloads/crowdfund)
2025-07-12T00:59:05.249+05:30  INFO 85861 --- [demo] [  restartedMain] c.e.crowdfund.CrowdfundApplication       : No active profile set, falling back to 1 default profile: "default"
2025-07-12T00:59:05.273+05:30  INFO 85861 --- [demo] [  restartedMain] .e.DevToolsPropertyDefaultsPostProcessor : Devtools property defaults active! Set 'spring.devtools.add-properties' to 'false' to disable
2025-07-12T00:59:05.273+05:30  INFO 85861 --- [demo] [  restartedMain] .e.DevToolsPropertyDefaultsPostProcessor : For additional web related logging consider setting the 'logging.level.web' property to 'DEBUG'
2025-07-12T00:59:05.591+05:30  INFO 85861 --- [demo] [  restartedMain] .s.d.r.c.RepositoryConfigurationDelegate : Bootstrapping Spring Data JPA repositories in DEFAULT mode.
2025-07-12T00:59:05.617+05:30  INFO 85861 --- [demo] [  restartedMain] .s.d.r.c.RepositoryConfigurationDelegate : Finished Spring Data repository scanning in 22 ms. Found 3 JPA repository interfaces.
2025-07-12T00:59:05.895+05:30  INFO 85861 --- [demo] [  restartedMain] o.s.b.w.embedded.tomcat.TomcatWebServer  : Tomcat initialized with port 8080 (http)
2025-07-12T00:59:05.903+05:30  INFO 85861 --- [demo] [  restartedMain] o.apache.catalina.core.StandardService   : Starting service [Tomcat]
2025-07-12T00:59:05.903+05:30  INFO 85861 --- [demo] [  restartedMain] o.apache.catalina.core.StandardEngine    : Starting Servlet engine: [Apache Tomcat/10.1.40]
2025-07-12T00:59:05.917+05:30  INFO 85861 --- [demo] [  restartedMain] o.a.c.c.C.[Tomcat].[localhost].[/]       : Initializing Spring embedded WebApplicationContext
2025-07-12T00:59:05.918+05:30  INFO 85861 --- [demo] [  restartedMain] w.s.c.ServletWebServerApplicationContext : Root WebApplicationContext: initialization completed in 643 ms
2025-07-12T00:59:05.993+05:30  INFO 85861 --- [demo] [  restartedMain] o.hibernate.jpa.internal.util.LogHelper  : HHH000204: Processing PersistenceUnitInfo [name: default]
2025-07-12T00:59:06.018+05:30  INFO 85861 --- [demo] [  restartedMain] org.hibernate.Version                    : HHH000412: Hibernate ORM core version 6.6.13.Final
2025-07-12T00:59:06.034+05:30  INFO 85861 --- [demo] [  restartedMain] o.h.c.internal.RegionFactoryInitiator    : HHH000026: Second-level cache disabled
2025-07-12T00:59:06.148+05:30  INFO 85861 --- [demo] [  restartedMain] o.s.o.j.p.SpringPersistenceUnitInfo      : No LoadTimeWeaver setup: ignoring JPA class transformer
2025-07-12T00:59:06.160+05:30  INFO 85861 --- [demo] [  restartedMain] com.zaxxer.hikari.HikariDataSource       : HikariPool-1 - Starting...
2025-07-12T00:59:06.221+05:30  INFO 85861 --- [demo] [  restartedMain] com.zaxxer.hikari.pool.HikariPool        : HikariPool-1 - Added connection org.postgresql.jdbc.PgConnection@412d14d0
2025-07-12T00:59:06.222+05:30  INFO 85861 --- [demo] [  restartedMain] com.zaxxer.hikari.HikariDataSource       : HikariPool-1 - Start completed.
2025-07-12T00:59:06.277+05:30  INFO 85861 --- [demo] [  restartedMain] org.hibernate.orm.connections.pooling    : HHH10001005: Database info:
	Database JDBC URL [Connecting through datasource 'HikariDataSource (HikariPool-1)']
	Database driver: undefined/unknown
	Database version: 16.9
	Autocommit mode: undefined/unknown
	Isolation level: undefined/unknown
	Minimum pool size: undefined/unknown
	Maximum pool size: undefined/unknown
2025-07-12T00:59:06.700+05:30  INFO 85861 --- [demo] [  restartedMain] o.h.e.t.j.p.i.JtaPlatformInitiator       : HHH000489: No JTA platform available (set 'hibernate.transaction.jta.platform' to enable JTA platform integration)
2025-07-12T00:59:06.800+05:30  INFO 85861 --- [demo] [  restartedMain] j.LocalContainerEntityManagerFactoryBean : Initialized JPA EntityManagerFactory for persistence unit 'default'
2025-07-12T00:59:07.016+05:30  INFO 85861 --- [demo] [  restartedMain] eAuthenticationProviderManagerConfigurer : Global AuthenticationManager configured with AuthenticationProvider bean with name authenticationProvider
2025-07-12T00:59:07.016+05:30  WARN 85861 --- [demo] [  restartedMain] r$InitializeUserDetailsManagerConfigurer : Global AuthenticationManager configured with an AuthenticationProvider bean. UserDetailsService beans will not be used by Spring Security for automatically configuring username/password login. Consider removing the AuthenticationProvider bean. Alternatively, consider using the UserDetailsService in a manually instantiated DaoAuthenticationProvider. If the current configuration is intentional, to turn off this warning, increase the logging level of 'org.springframework.security.config.annotation.authentication.configuration.InitializeUserDetailsBeanManagerConfigurer' to ERROR
2025-07-12T00:59:07.076+05:30  WARN 85861 --- [demo] [  restartedMain] JpaBaseConfiguration$JpaWebConfiguration : spring.jpa.open-in-view is enabled by default. Therefore, database queries may be performed during view rendering. Explicitly configure spring.jpa.open-in-view to disable this warning
2025-07-12T00:59:07.231+05:30  WARN 85861 --- [demo] [  restartedMain] thorizationManagerRequestMatcherRegistry : One of the patterns in [v1/api/auth/**] is missing a leading slash. This is discouraged; please include the leading slash in all your request matcher patterns. In future versions of Spring Security, leaving out the leading slash will result in an exception.
2025-07-12T00:59:07.233+05:30  WARN 85861 --- [demo] [  restartedMain] thorizationManagerRequestMatcherRegistry : One of the patterns in [v1/api/public/**] is missing a leading slash. This is discouraged; please include the leading slash in all your request matcher patterns. In future versions of Spring Security, leaving out the leading slash will result in an exception.
2025-07-12T00:59:07.574+05:30  INFO 85861 --- [demo] [  restartedMain] o.s.b.d.a.OptionalLiveReloadServer       : LiveReload server is running on port 35729
2025-07-12T00:59:07.589+05:30  INFO 85861 --- [demo] [  restartedMain] o.s.b.w.embedded.tomcat.TomcatWebServer  : Tomcat started on port 8080 (http) with context path '/'
2025-07-12T00:59:07.594+05:30  INFO 85861 --- [demo] [  restartedMain] c.e.crowdfund.CrowdfundApplication       : Started CrowdfundApplication in 2.516 seconds (process running for 2.708)
2025-07-12T00:59:31.187+05:30  INFO 85861 --- [demo] [nio-8080-exec-1] o.a.c.c.C.[Tomcat].[localhost].[/]       : Initializing Spring DispatcherServlet 'dispatcherServlet'
2025-07-12T00:59:31.188+05:30  INFO 85861 --- [demo] [nio-8080-exec-1] o.s.web.servlet.DispatcherServlet        : Initializing Servlet 'dispatcherServlet'
2025-07-12T00:59:31.188+05:30  INFO 85861 --- [demo] [nio-8080-exec-1] o.s.web.servlet.DispatcherServlet        : Completed initialization in 0 ms
Hibernate: select u1_0.id,u1_0.avatar_url,u1_0.bio,u1_0.created_at,u1_0.email,u1_0.first_name,u1_0.last_name,u1_0.password_hash,u1_0.stripe_account_id,u1_0.stripe_verified,u1_0.updated_at,u1_0.username from users u1_0 where u1_0.username=?
Hibernate: select u1_0.id,u1_0.avatar_url,u1_0.bio,u1_0.created_at,u1_0.email,u1_0.first_name,u1_0.last_name,u1_0.password_hash,u1_0.stripe_account_id,u1_0.stripe_verified,u1_0.updated_at,u1_0.username from users u1_0 where u1_0.username=?
Hibernate: select c1_0.id,c1_0.active,c1_0.description,c1_0.icon_url,c1_0.name from categories c1_0 where c1_0.id=?
2025-07-12T00:59:31.374+05:30  WARN 85861 --- [demo] [nio-8080-exec-1] .m.m.a.ExceptionHandlerExceptionResolver : Resolved [com.example.crowdfund.GloablExceptionHandler.ResourceAlreadyExistsException: Category not found with id: 1]
Hibernate: select u1_0.id,u1_0.avatar_url,u1_0.bio,u1_0.created_at,u1_0.email,u1_0.first_name,u1_0.last_name,u1_0.password_hash,u1_0.stripe_account_id,u1_0.stripe_verified,u1_0.updated_at,u1_0.username from users u1_0 where u1_0.username=?
Hibernate: select u1_0.id,u1_0.avatar_url,u1_0.bio,u1_0.created_at,u1_0.email,u1_0.first_name,u1_0.last_name,u1_0.password_hash,u1_0.stripe_account_id,u1_0.stripe_verified,u1_0.updated_at,u1_0.username from users u1_0 where u1_0.username=?
2025-07-12T00:59:50.528+05:30  WARN 85861 --- [demo] [nio-8080-exec-2] .m.m.a.ExceptionHandlerExceptionResolver : Resolved [com.example.crowdfund.GloablExceptionHandler.BadRequestException: Validation failed: Category is required]
Hibernate: select u1_0.id,u1_0.avatar_url,u1_0.bio,u1_0.created_at,u1_0.email,u1_0.first_name,u1_0.last_name,u1_0.password_hash,u1_0.stripe_account_id,u1_0.stripe_verified,u1_0.updated_at,u1_0.username from users u1_0 where u1_0.username=?
Hibernate: select u1_0.id,u1_0.avatar_url,u1_0.bio,u1_0.created_at,u1_0.email,u1_0.first_name,u1_0.last_name,u1_0.password_hash,u1_0.stripe_account_id,u1_0.stripe_verified,u1_0.updated_at,u1_0.username from users u1_0 where u1_0.username=?
Hibernate: select c1_0.id,c1_0.active,c1_0.description,c1_0.icon_url,c1_0.name from categories c1_0 where c1_0.id=?
Hibernate: insert into campaigns (category_id,created_at,creator_id,currency,current_amount,deadline,full_description,funding_goal,short_description,status,title,updated_at) values (?,?,?,?,?,?,?,?,?,?,?,?)
Hibernate: select u1_0.id,u1_0.avatar_url,u1_0.bio,u1_0.created_at,u1_0.email,u1_0.first_name,u1_0.last_name,u1_0.password_hash,u1_0.stripe_account_id,u1_0.stripe_verified,u1_0.updated_at,u1_0.username from users u1_0 where u1_0.username=?
Hibernate: select u1_0.id,u1_0.avatar_url,u1_0.bio,u1_0.created_at,u1_0.email,u1_0.first_name,u1_0.last_name,u1_0.password_hash,u1_0.stripe_account_id,u1_0.stripe_verified,u1_0.updated_at,u1_0.username from users u1_0 where u1_0.username=?
Hibernate: select c1_0.id,c1_0.active,c1_0.description,c1_0.icon_url,c1_0.name from categories c1_0 where c1_0.id=?
Hibernate: insert into campaigns (category_id,created_at,creator_id,currency,current_amount,deadline,full_description,funding_goal,short_description,status,title,updated_at) values (?,?,?,?,?,?,?,?,?,?,?,?)
Hibernate: insert into campaign_images (campaign_id,image_url) values (?,?)
Hibernate: insert into campaign_images (campaign_id,image_url) values (?,?)
Hibernate: insert into campaign_images (campaign_id,image_url) values (?,?)
Hibernate: insert into campaign_images (campaign_id,image_url) values (?,?)
